2021-07-11 12:33:30.575 WARN  com.zaxxer.hikari.pool.HikariPool                 :787  [32m                  [0;39m HikariPool-1 - Thread starvation or clock leap detected (housekeeper delta=13h19m48s535ms771Âµs499ns).
2021-07-11 12:44:51.666 INFO  com.qzh.aspect.LogAspect                          :48   [32m                  [0;39m ------------- aopå¼€å§‹ -------------
2021-07-11 12:44:51.667 INFO  com.qzh.aspect.LogAspect                          :49   [32m                  [0;39m è¯·æ±‚åœ°å€: http://localhost/ebook/list GET
2021-07-11 12:44:51.668 INFO  com.qzh.aspect.LogAspect                          :50   [32m                  [0;39m ç±»åæ–¹æ³•: com.qzh.controller.EBookController.list
2021-07-11 12:44:51.668 INFO  com.qzh.aspect.LogAspect                          :51   [32m                  [0;39m è¿œç¨‹åœ°å€: 0:0:0:0:0:0:0:1
2021-07-11 12:44:51.671 INFO  com.qzh.aspect.LogAspect                          :72   [32m                  [0;39m è¯·æ±‚å‚æ•°: []
2021-07-11 12:44:51.676 INFO  com.qzh.aspect.LogAspect                          :84   [32m                  [0;39m è¿”å›ç»“æœ: {"content":[{"description":"é›¶åŸºç¡€å…¥é—¨ Java å¼€å‘ï¼Œä¼ä¸šçº§åº”ç”¨å¼€å‘æœ€ä½³é¦–é€‰æ¡†æ¶","docCount":0,"id":1,"name":"Spring Boot å…¥é—¨æ•™ç¨‹","viewCount":0,"voteCount":0},{"description":"é›¶åŸºç¡€å…¥é—¨ Vue å¼€å‘ï¼Œä¼ä¸šçº§åº”ç”¨å¼€å‘æœ€ä½³é¦–é€‰æ¡†æ¶","docCount":0,"id":2,"name":"Vue å…¥é—¨æ•™ç¨‹","viewCount":0,"voteCount":0},{"description":"é›¶åŸºç¡€å…¥é—¨ Python å¼€å‘ï¼Œä¼ä¸šçº§åº”ç”¨å¼€å‘æœ€ä½³é¦–é€‰æ¡†æ¶","docCount":0,"id":3,"name":"Python å…¥é—¨æ•™ç¨‹","viewCount":0,"voteCount":0},{"description":"é›¶åŸºç¡€å…¥é—¨ Mysql å¼€å‘ï¼Œä¼ä¸šçº§åº”ç”¨å¼€å‘æœ€ä½³é¦–é€‰æ¡†æ¶","docCount":0,"id":4,"name":"Mysql å…¥é—¨æ•™ç¨‹","viewCount":0,"voteCount":0},{"description":"é›¶åŸºç¡€å…¥é—¨ Oracle å¼€å‘ï¼Œä¼ä¸šçº§åº”ç”¨å¼€å‘æœ€ä½³é¦–é€‰æ¡†æ¶","docCount":0,"id":5,"name":"Oracle å…¥é—¨æ•™ç¨‹","viewCount":0,"voteCount":0}],"success":true}
2021-07-11 12:44:51.676 INFO  com.qzh.aspect.LogAspect                          :85   [32m                  [0;39m ------------- ç»“æŸ è€—æ—¶ï¼š10 ms -------------
2021-07-11 12:44:59.247 INFO  com.qzh.aspect.LogAspect                          :48   [32m                  [0;39m ------------- aopå¼€å§‹ -------------
2021-07-11 12:44:59.247 INFO  com.qzh.aspect.LogAspect                          :49   [32m                  [0;39m è¯·æ±‚åœ°å€: http://localhost/ebook/list GET
2021-07-11 12:44:59.247 INFO  com.qzh.aspect.LogAspect                          :50   [32m                  [0;39m ç±»åæ–¹æ³•: com.qzh.controller.EBookController.list
2021-07-11 12:44:59.247 INFO  com.qzh.aspect.LogAspect                          :51   [32m                  [0;39m è¿œç¨‹åœ°å€: 0:0:0:0:0:0:0:1
2021-07-11 12:44:59.247 INFO  com.qzh.aspect.LogAspect                          :72   [32m                  [0;39m è¯·æ±‚å‚æ•°: []
2021-07-11 12:44:59.249 INFO  com.qzh.aspect.LogAspect                          :84   [32m                  [0;39m è¿”å›ç»“æœ: {"content":[{"description":"é›¶åŸºç¡€å…¥é—¨ Java å¼€å‘ï¼Œä¼ä¸šçº§åº”ç”¨å¼€å‘æœ€ä½³é¦–é€‰æ¡†æ¶","docCount":0,"id":1,"name":"Spring Boot å…¥é—¨æ•™ç¨‹","viewCount":0,"voteCount":0},{"description":"é›¶åŸºç¡€å…¥é—¨ Vue å¼€å‘ï¼Œä¼ä¸šçº§åº”ç”¨å¼€å‘æœ€ä½³é¦–é€‰æ¡†æ¶","docCount":0,"id":2,"name":"Vue å…¥é—¨æ•™ç¨‹","viewCount":0,"voteCount":0},{"description":"é›¶åŸºç¡€å…¥é—¨ Python å¼€å‘ï¼Œä¼ä¸šçº§åº”ç”¨å¼€å‘æœ€ä½³é¦–é€‰æ¡†æ¶","docCount":0,"id":3,"name":"Python å…¥é—¨æ•™ç¨‹","viewCount":0,"voteCount":0},{"description":"é›¶åŸºç¡€å…¥é—¨ Mysql å¼€å‘ï¼Œä¼ä¸šçº§åº”ç”¨å¼€å‘æœ€ä½³é¦–é€‰æ¡†æ¶","docCount":0,"id":4,"name":"Mysql å…¥é—¨æ•™ç¨‹","viewCount":0,"voteCount":0},{"description":"é›¶åŸºç¡€å…¥é—¨ Oracle å¼€å‘ï¼Œä¼ä¸šçº§åº”ç”¨å¼€å‘æœ€ä½³é¦–é€‰æ¡†æ¶","docCount":0,"id":5,"name":"Oracle å…¥é—¨æ•™ç¨‹","viewCount":0,"voteCount":0}],"success":true}
2021-07-11 12:44:59.250 INFO  com.qzh.aspect.LogAspect                          :85   [32m                  [0;39m ------------- ç»“æŸ è€—æ—¶ï¼š3 ms -------------
2021-07-11 12:45:01.491 INFO  com.qzh.aspect.LogAspect                          :48   [32m                  [0;39m ------------- aopå¼€å§‹ -------------
2021-07-11 12:45:01.491 INFO  com.qzh.aspect.LogAspect                          :49   [32m                  [0;39m è¯·æ±‚åœ°å€: http://localhost/ebook/list GET
2021-07-11 12:45:01.491 INFO  com.qzh.aspect.LogAspect                          :50   [32m                  [0;39m ç±»åæ–¹æ³•: com.qzh.controller.EBookController.list
2021-07-11 12:45:01.491 INFO  com.qzh.aspect.LogAspect                          :51   [32m                  [0;39m è¿œç¨‹åœ°å€: 0:0:0:0:0:0:0:1
2021-07-11 12:45:01.492 INFO  com.qzh.aspect.LogAspect                          :72   [32m                  [0;39m è¯·æ±‚å‚æ•°: []
2021-07-11 12:45:01.494 INFO  com.qzh.aspect.LogAspect                          :84   [32m                  [0;39m è¿”å›ç»“æœ: {"content":[{"description":"é›¶åŸºç¡€å…¥é—¨ Java å¼€å‘ï¼Œä¼ä¸šçº§åº”ç”¨å¼€å‘æœ€ä½³é¦–é€‰æ¡†æ¶","docCount":0,"id":1,"name":"Spring Boot å…¥é—¨æ•™ç¨‹","viewCount":0,"voteCount":0},{"description":"é›¶åŸºç¡€å…¥é—¨ Vue å¼€å‘ï¼Œä¼ä¸šçº§åº”ç”¨å¼€å‘æœ€ä½³é¦–é€‰æ¡†æ¶","docCount":0,"id":2,"name":"Vue å…¥é—¨æ•™ç¨‹","viewCount":0,"voteCount":0},{"description":"é›¶åŸºç¡€å…¥é—¨ Python å¼€å‘ï¼Œä¼ä¸šçº§åº”ç”¨å¼€å‘æœ€ä½³é¦–é€‰æ¡†æ¶","docCount":0,"id":3,"name":"Python å…¥é—¨æ•™ç¨‹","viewCount":0,"voteCount":0},{"description":"é›¶åŸºç¡€å…¥é—¨ Mysql å¼€å‘ï¼Œä¼ä¸šçº§åº”ç”¨å¼€å‘æœ€ä½³é¦–é€‰æ¡†æ¶","docCount":0,"id":4,"name":"Mysql å…¥é—¨æ•™ç¨‹","viewCount":0,"voteCount":0},{"description":"é›¶åŸºç¡€å…¥é—¨ Oracle å¼€å‘ï¼Œä¼ä¸šçº§åº”ç”¨å¼€å‘æœ€ä½³é¦–é€‰æ¡†æ¶","docCount":0,"id":5,"name":"Oracle å…¥é—¨æ•™ç¨‹","viewCount":0,"voteCount":0}],"success":true}
2021-07-11 12:45:01.495 INFO  com.qzh.aspect.LogAspect                          :85   [32m                  [0;39m ------------- ç»“æŸ è€—æ—¶ï¼š4 ms -------------
2021-07-11 12:45:03.721 INFO  com.qzh.aspect.LogAspect                          :48   [32m                  [0;39m ------------- aopå¼€å§‹ -------------
2021-07-11 12:45:03.721 INFO  com.qzh.aspect.LogAspect                          :49   [32m                  [0;39m è¯·æ±‚åœ°å€: http://localhost/ebook/list GET
2021-07-11 12:45:03.721 INFO  com.qzh.aspect.LogAspect                          :50   [32m                  [0;39m ç±»åæ–¹æ³•: com.qzh.controller.EBookController.list
2021-07-11 12:45:03.722 INFO  com.qzh.aspect.LogAspect                          :51   [32m                  [0;39m è¿œç¨‹åœ°å€: 0:0:0:0:0:0:0:1
2021-07-11 12:45:03.722 INFO  com.qzh.aspect.LogAspect                          :72   [32m                  [0;39m è¯·æ±‚å‚æ•°: []
2021-07-11 12:45:03.723 INFO  com.qzh.aspect.LogAspect                          :84   [32m                  [0;39m è¿”å›ç»“æœ: {"content":[{"description":"é›¶åŸºç¡€å…¥é—¨ Java å¼€å‘ï¼Œä¼ä¸šçº§åº”ç”¨å¼€å‘æœ€ä½³é¦–é€‰æ¡†æ¶","docCount":0,"id":1,"name":"Spring Boot å…¥é—¨æ•™ç¨‹","viewCount":0,"voteCount":0},{"description":"é›¶åŸºç¡€å…¥é—¨ Vue å¼€å‘ï¼Œä¼ä¸šçº§åº”ç”¨å¼€å‘æœ€ä½³é¦–é€‰æ¡†æ¶","docCount":0,"id":2,"name":"Vue å…¥é—¨æ•™ç¨‹","viewCount":0,"voteCount":0},{"description":"é›¶åŸºç¡€å…¥é—¨ Python å¼€å‘ï¼Œä¼ä¸šçº§åº”ç”¨å¼€å‘æœ€ä½³é¦–é€‰æ¡†æ¶","docCount":0,"id":3,"name":"Python å…¥é—¨æ•™ç¨‹","viewCount":0,"voteCount":0},{"description":"é›¶åŸºç¡€å…¥é—¨ Mysql å¼€å‘ï¼Œä¼ä¸šçº§åº”ç”¨å¼€å‘æœ€ä½³é¦–é€‰æ¡†æ¶","docCount":0,"id":4,"name":"Mysql å…¥é—¨æ•™ç¨‹","viewCount":0,"voteCount":0},{"description":"é›¶åŸºç¡€å…¥é—¨ Oracle å¼€å‘ï¼Œä¼ä¸šçº§åº”ç”¨å¼€å‘æœ€ä½³é¦–é€‰æ¡†æ¶","docCount":0,"id":5,"name":"Oracle å…¥é—¨æ•™ç¨‹","viewCount":0,"voteCount":0}],"success":true}
2021-07-11 12:45:03.723 INFO  com.qzh.aspect.LogAspect                          :85   [32m                  [0;39m ------------- ç»“æŸ è€—æ—¶ï¼š2 ms -------------
2021-07-11 12:45:04.721 INFO  com.qzh.aspect.LogAspect                          :48   [32m                  [0;39m ------------- aopå¼€å§‹ -------------
2021-07-11 12:45:04.721 INFO  com.qzh.aspect.LogAspect                          :49   [32m                  [0;39m è¯·æ±‚åœ°å€: http://localhost/ebook/list GET
2021-07-11 12:45:04.721 INFO  com.qzh.aspect.LogAspect                          :50   [32m                  [0;39m ç±»åæ–¹æ³•: com.qzh.controller.EBookController.list
2021-07-11 12:45:04.721 INFO  com.qzh.aspect.LogAspect                          :51   [32m                  [0;39m è¿œç¨‹åœ°å€: 0:0:0:0:0:0:0:1
2021-07-11 12:45:04.722 INFO  com.qzh.aspect.LogAspect                          :72   [32m                  [0;39m è¯·æ±‚å‚æ•°: []
2021-07-11 12:45:04.723 INFO  com.qzh.aspect.LogAspect                          :84   [32m                  [0;39m è¿”å›ç»“æœ: {"content":[{"description":"é›¶åŸºç¡€å…¥é—¨ Java å¼€å‘ï¼Œä¼ä¸šçº§åº”ç”¨å¼€å‘æœ€ä½³é¦–é€‰æ¡†æ¶","docCount":0,"id":1,"name":"Spring Boot å…¥é—¨æ•™ç¨‹","viewCount":0,"voteCount":0},{"description":"é›¶åŸºç¡€å…¥é—¨ Vue å¼€å‘ï¼Œä¼ä¸šçº§åº”ç”¨å¼€å‘æœ€ä½³é¦–é€‰æ¡†æ¶","docCount":0,"id":2,"name":"Vue å…¥é—¨æ•™ç¨‹","viewCount":0,"voteCount":0},{"description":"é›¶åŸºç¡€å…¥é—¨ Python å¼€å‘ï¼Œä¼ä¸šçº§åº”ç”¨å¼€å‘æœ€ä½³é¦–é€‰æ¡†æ¶","docCount":0,"id":3,"name":"Python å…¥é—¨æ•™ç¨‹","viewCount":0,"voteCount":0},{"description":"é›¶åŸºç¡€å…¥é—¨ Mysql å¼€å‘ï¼Œä¼ä¸šçº§åº”ç”¨å¼€å‘æœ€ä½³é¦–é€‰æ¡†æ¶","docCount":0,"id":4,"name":"Mysql å…¥é—¨æ•™ç¨‹","viewCount":0,"voteCount":0},{"description":"é›¶åŸºç¡€å…¥é—¨ Oracle å¼€å‘ï¼Œä¼ä¸šçº§åº”ç”¨å¼€å‘æœ€ä½³é¦–é€‰æ¡†æ¶","docCount":0,"id":5,"name":"Oracle å…¥é—¨æ•™ç¨‹","viewCount":0,"voteCount":0}],"success":true}
2021-07-11 12:45:04.723 INFO  com.qzh.aspect.LogAspect                          :85   [32m                  [0;39m ------------- ç»“æŸ è€—æ—¶ï¼š2 ms -------------
